TN:
SF:src/modules/appointments/services/CreateAppointmentsServices.ts
FN:15,(anonymous_18)
FN:16,CreateAppointmentServices
FN:21,(anonymous_20)
FNF:3
FNH:0
FNDA:0,(anonymous_18)
FNDA:0,CreateAppointmentServices
FNDA:0,(anonymous_20)
DA:1,0
DA:2,0
DA:3,0
DA:5,0
DA:15,0
DA:18,0
DA:21,0
DA:22,0
DA:23,0
DA:25,0
DA:27,0
DA:30,0
DA:31,0
DA:33,0
DA:38,0
DA:40,0
DA:41,0
LF:17
LH:0
BRDA:30,0,0,0
BRDA:30,0,1,0
BRF:2
BRH:0
end_of_record
TN:
SF:src/modules/appointments/services/ListProviderDayAvailabilityService.ts
FN:18,(anonymous_17)
FN:19,ListProviderDayAvailabilityService
FN:24,(anonymous_19)
FN:43,(anonymous_22)
FN:48,(anonymous_23)
FN:50,(anonymous_24)
FNF:6
FNH:6
FNDA:1,(anonymous_17)
FNDA:1,ListProviderDayAvailabilityService
FNDA:1,(anonymous_19)
FNDA:10,(anonymous_22)
FNDA:10,(anonymous_23)
FNDA:19,(anonymous_24)
DA:1,1
DA:2,1
DA:18,1
DA:21,1
DA:24,1
DA:25,1
DA:26,1
DA:27,1
DA:28,1
DA:30,1
DA:39,1
DA:41,1
DA:43,10
DA:46,1
DA:48,1
DA:49,10
DA:50,19
DA:53,10
DA:55,10
DA:60,1
DA:62,1
DA:64,1
LF:22
LH:22
BRDA:30,0,0,1
BRDA:57,1,0,10
BRDA:57,1,1,8
BRF:3
BRH:3
end_of_record
TN:
SF:src/modules/appointments/services/ListProviderMonthAvailabilityService.ts
FN:17,(anonymous_17)
FN:18,ListProviderMonthAvailabilityService
FN:23,(anonymous_19)
FN:39,(anonymous_22)
FN:44,(anonymous_23)
FN:45,(anonymous_24)
FNF:6
FNH:0
FNDA:0,(anonymous_17)
FNDA:0,ListProviderMonthAvailabilityService
FNDA:0,(anonymous_19)
FNDA:0,(anonymous_22)
FNDA:0,(anonymous_23)
FNDA:0,(anonymous_24)
DA:1,0
DA:2,0
DA:17,0
DA:20,0
DA:23,0
DA:24,0
DA:25,0
DA:26,0
DA:28,0
DA:35,0
DA:37,0
DA:39,0
DA:42,0
DA:44,0
DA:45,0
DA:46,0
DA:49,0
DA:54,0
DA:56,0
DA:58,0
LF:20
LH:0
BRDA:28,0,0,0
BRF:1
BRH:0
end_of_record
TN:
SF:src/modules/appointments/services/ListProviderService.ts
FN:11,(anonymous_17)
FN:12,ListProvidersService
FN:17,(anonymous_19)
FNF:3
FNH:0
FNDA:0,(anonymous_17)
FNDA:0,ListProvidersService
FNDA:0,(anonymous_19)
DA:1,0
DA:11,0
DA:14,0
DA:17,0
DA:18,0
DA:22,0
DA:24,0
DA:26,0
LF:8
LH:0
BRDA:18,0,0,0
BRF:1
BRH:0
end_of_record
TN:
SF:src/modules/users/services/AuthenticateServices.ts
FN:21,(anonymous_18)
FN:22,AuthenticateServices
FN:30,(anonymous_20)
FNF:3
FNH:0
FNDA:0,(anonymous_18)
FNDA:0,AuthenticateServices
FNDA:0,(anonymous_20)
DA:1,0
DA:2,0
DA:3,0
DA:4,0
DA:21,0
DA:24,0
DA:27,0
DA:30,0
DA:31,0
DA:33,0
DA:34,0
DA:38,0
DA:43,0
DA:44,0
DA:48,0
DA:50,0
DA:55,0
DA:60,0
DA:62,0
LF:19
LH:0
BRDA:31,0,0,0
BRDA:33,1,0,0
BRDA:33,1,1,0
BRDA:43,2,0,0
BRDA:43,2,1,0
BRF:5
BRH:0
end_of_record
TN:
SF:src/modules/users/services/CreateUserServices.ts
FN:14,(anonymous_18)
FN:15,CreateUserServices
FN:23,(anonymous_20)
FNF:3
FNH:0
FNDA:0,(anonymous_18)
FNDA:0,CreateUserServices
FNDA:0,(anonymous_20)
DA:1,0
DA:2,0
DA:14,0
DA:17,0
DA:20,0
DA:23,0
DA:24,0
DA:26,0
DA:27,0
DA:30,0
DA:32,0
DA:38,0
DA:40,0
DA:42,0
LF:14
LH:0
BRDA:24,0,0,0
BRDA:26,1,0,0
BRDA:26,1,1,0
BRF:3
BRH:0
end_of_record
TN:
SF:src/modules/users/services/ResetPasswordService.ts
FN:15,(anonymous_18)
FN:16,ResetPasswordService
FN:27,(anonymous_20)
FNF:3
FNH:0
FNDA:0,(anonymous_18)
FNDA:0,ResetPasswordService
FNDA:0,(anonymous_20)
DA:1,0
DA:2,0
DA:4,0
DA:15,0
DA:18,0
DA:21,0
DA:24,0
DA:27,0
DA:28,0
DA:30,0
DA:31,0
DA:34,0
DA:36,0
DA:37,0
DA:40,0
DA:41,0
DA:43,0
DA:44,0
DA:46,0
DA:48,0
DA:50,0
DA:52,0
LF:22
LH:0
BRDA:28,0,0,0
BRDA:30,1,0,0
BRDA:30,1,1,0
BRDA:36,2,0,0
BRDA:36,2,1,0
BRDA:43,3,0,0
BRDA:43,3,1,0
BRF:7
BRH:0
end_of_record
TN:
SF:src/modules/users/services/SendForgotPasswordEmailService.ts
FN:14,(anonymous_18)
FN:15,SendForgotPasswordEmailService
FN:24,(anonymous_20)
FNF:3
FNH:0
FNDA:0,(anonymous_18)
FNDA:0,SendForgotPasswordEmailService
FNDA:0,(anonymous_20)
DA:1,0
DA:2,0
DA:5,0
DA:14,0
DA:17,0
DA:19,0
DA:21,0
DA:24,0
DA:25,0
DA:27,0
DA:28,0
DA:31,0
DA:33,0
DA:40,0
DA:55,0
DA:57,0
LF:16
LH:0
BRDA:25,0,0,0
BRDA:27,1,0,0
BRDA:27,1,1,0
BRF:3
BRH:0
end_of_record
TN:
SF:src/modules/users/services/ShowProfileService.ts
FN:11,(anonymous_18)
FN:12,ShowProfileService
FN:17,(anonymous_20)
FNF:3
FNH:0
FNDA:0,(anonymous_18)
FNDA:0,ShowProfileService
FNDA:0,(anonymous_20)
DA:1,0
DA:2,0
DA:11,0
DA:14,0
DA:17,0
DA:18,0
DA:19,0
DA:20,0
DA:23,0
DA:25,0
DA:27,0
LF:11
LH:0
BRDA:18,0,0,0
BRDA:19,1,0,0
BRDA:19,1,1,0
BRF:3
BRH:0
end_of_record
TN:
SF:src/modules/users/services/UpdateAvatarUserServices.ts
FN:13,(anonymous_18)
FN:14,UpdateAvatarUserServices
FN:22,(anonymous_20)
FNF:3
FNH:0
FNDA:0,(anonymous_18)
FNDA:0,UpdateAvatarUserServices
FNDA:0,(anonymous_20)
DA:1,0
DA:3,0
DA:13,0
DA:16,0
DA:19,0
DA:22,0
DA:23,0
DA:25,0
DA:26,0
DA:29,0
DA:30,0
DA:33,0
DA:35,0
DA:37,0
DA:39,0
DA:41,0
DA:43,0
LF:17
LH:0
BRDA:23,0,0,0
BRDA:23,0,1,0
BRDA:25,1,0,0
BRDA:25,1,1,0
BRDA:29,2,0,0
BRDA:29,2,1,0
BRF:6
BRH:0
end_of_record
TN:
SF:src/modules/users/services/UpdateProfileService.ts
FN:16,(anonymous_18)
FN:17,UpdateProfileService
FN:25,(anonymous_20)
FNF:3
FNH:0
FNDA:0,(anonymous_18)
FNDA:0,UpdateProfileService
FNDA:0,(anonymous_20)
DA:1,0
DA:2,0
DA:16,0
DA:19,0
DA:22,0
DA:25,0
DA:26,0
DA:27,0
DA:28,0
DA:29,0
DA:30,0
DA:32,0
DA:33,0
DA:34,0
DA:37,0
DA:39,0
DA:40,0
DA:43,0
DA:44,0
DA:46,0
DA:47,0
DA:52,0
DA:53,0
DA:58,0
DA:59,0
DA:62,0
DA:65,0
DA:67,0
DA:69,0
LF:29
LH:0
BRDA:32,0,0,0
BRDA:32,0,1,0
BRDA:33,1,0,0
BRDA:33,1,1,0
BRDA:39,2,0,0
BRDA:39,2,1,0
BRDA:39,3,0,0
BRDA:39,3,1,0
BRDA:46,4,0,0
BRDA:46,4,1,0
BRDA:46,5,0,0
BRDA:46,5,1,0
BRDA:52,6,0,0
BRDA:52,6,1,0
BRDA:52,7,0,0
BRDA:52,7,1,0
BRDA:58,8,0,0
BRDA:58,8,1,0
BRF:18
BRH:0
end_of_record
